<?xml version="1.0" encoding="UTF-8"?>
<!-- Generated by org.testng.reporters.JUnitReportReporter -->
<testsuite hostname="BDC7-L-F27RYPD" failures="0" tests="1" name="Academy.ValidateNavigateTitle" time="0.155" errors="0" timestamp="2021-10-09T23:56:18 IST" skipped="0">
  <testcase classname="Academy.ValidateNavigateTitle" name="basePageNavigation" time="0.155"/>
  <system-out/>
</testsuite> <!-- Academy.ValidateNavigateTitle -->
