<?xml version="1.0" encoding="UTF-8"?>
<!-- Generated by org.testng.reporters.JUnitReportReporter -->
<testsuite hostname="BDC7-L-F27RYPD" failures="0" tests="1" name="Academy.ValidateText" time="32.016" errors="0" timestamp="2021-10-09T23:56:18 IST" skipped="0">
  <testcase classname="Academy.ValidateText" name="basePageNavigation" time="32.016"/>
  <system-out/>
</testsuite> <!-- Academy.ValidateText -->
