<?xml version="1.0" encoding="UTF-8"?>
<!-- Generated by org.testng.reporters.JUnitReportReporter -->
<testsuite hostname="BDC7-L-F27RYPD" failures="0" tests="1" name="test.day2" time="0.002" errors="0" timestamp="2021-09-27T05:42:48 IST" skipped="0">
  <testcase classname="test.day2" name="test3" time="0.002"/>
  <system-out/>
</testsuite> <!-- test.day2 -->
