<?xml version="1.0" encoding="UTF-8"?>
<!-- Generated by org.testng.reporters.JUnitReportReporter -->
<testsuite hostname="BDC7-L-F27RYPD" failures="0" tests="2" name="test.testngdemo" time="0.011" errors="0" timestamp="2021-09-27T05:42:48 IST" skipped="0">
  <testcase classname="test.testngdemo" name="test" time="0.008"/>
  <system-out/>
  <testcase classname="test.testngdemo" name="test2" time="0.003"/>
  <system-out/>
</testsuite> <!-- test.testngdemo -->
