<?xml version="1.0" encoding="UTF-8"?>
<!-- Generated by org.testng.reporters.JUnitReportReporter -->
<testsuite hostname="BDC7-L-F27RYPD" failures="0" tests="2" name="qaclickacademy.SeleniumTest" time="0.000" errors="0" timestamp="28 Sep 2021 13:59:58 GMT">
  <testcase classname="qaclickacademy.SeleniumTest" name="shouldAnswerWithTrueSeleniumTest" time="0.000"/>
  <testcase classname="qaclickacademy.SeleniumTest" name="shouldAnswerWithTrueSelenium" time="0.000"/>
</testsuite> <!-- qaclickacademy.SeleniumTest -->
