<?xml version="1.0" encoding="UTF-8"?>
<!-- Generated by org.testng.reporters.JUnitReportReporter -->
<testsuite hostname="BDC7-L-F27RYPD" failures="0" tests="1" name="qaclickacademy.AppTest" time="0.005" errors="0" timestamp="28 Sep 2021 13:59:58 GMT">
  <testcase classname="qaclickacademy.AppTest" name="shouldAnswerWithTrue" time="0.005"/>
</testsuite> <!-- qaclickacademy.AppTest -->
